=== Host-Side Parallelism Calculation ===
Host Cores: 32
Target Jobs (80%): 25
Detected Arch: CPU=znver5, GPU=gfx1151
=== Cleaning up old containers ===
c3459927a9ab
=== AMD AI Builder: Initializing Docker Infrastructure ===
Building amd-ai-builder:local...
#0 building with "default" instance using docker driver

#1 [internal] load build definition from Dockerfile
#1 transferring dockerfile: 1.58kB done
#1 DONE 0.0s

#2 [internal] load metadata for docker.io/rocm/dev-ubuntu-24.04:7.1.1-complete
#2 DONE 0.2s

#3 [internal] load .dockerignore
#3 transferring context: 2B done
#3 DONE 0.0s

#4 [1/6] FROM docker.io/rocm/dev-ubuntu-24.04:7.1.1-complete@sha256:c6648f6a60470959f5f9c653ce8397d72fc0adda455942b265a5f973c9ee5891
#4 DONE 0.0s

#5 [4/6] RUN python3.11 -m pip install --upgrade pip --break-system-packages || true
#5 CACHED

#6 [5/6] RUN python3.11 -m pip install --break-system-packages     ninja meson meson-python cython pybind11     setuptools wheel packaging pyyaml typing-extensions     sympy mpmath requests psutil tqdm || true
#6 CACHED

#7 [2/6] RUN apt-get update && apt-get install -y     software-properties-common     && add-apt-repository ppa:deadsnakes/ppa     && apt-get update && apt-get install -y     python3.11     python3.11-venv     python3.11-dev     python3.11-full     python3-pip     gcc-14     g++-14     git     cmake     ninja-build     build-essential     wget     libopenblas-dev     libjpeg-dev     zlib1g-dev     libpng-dev     libtiff-dev     libfreetype6-dev     liblcms2-dev     libwebp-dev     liblzma-dev     libffi-dev     pkg-config     && rm -rf /var/lib/apt/lists/*
#7 CACHED

#8 [3/6] RUN update-alternatives --install /usr/bin/gcc gcc /usr/bin/gcc-14 100 --slave /usr/bin/g++ g++ /usr/bin/g++-14 &&     update-alternatives --install /usr/bin/python3 python3 /usr/bin/python3.11 1 &&     update-alternatives --install /usr/bin/python python /usr/bin/python3.11 1
#8 CACHED

#9 [6/6] WORKDIR /app
#9 CACHED

#10 exporting to image
#10 exporting layers done
#10 writing image sha256:f498e10c580be4932cf8700b38b3e694252780f8846855c09b3d19bbeb7b0213 done
#10 naming to docker.io/library/amd-ai-builder:local done
#10 DONE 0.0s
=== AMD AI Builder: Starting Containerized Build Pipeline ===
Running prefetch stage...
=== AMD AI Builder: Starting Comprehensive Prefetch Stage ===
>>> Syncing Git repositories...
Optimizing git clone/submodule throughput (jobs=15)...
>>> Updating /home/nexus/amd-ai/src/extras/triton-rocm...
From https://github.com/triton-lang/triton
 * tag                   v3.1.0     -> FETCH_HEAD
HEAD is now at cf34004b8 AMD requested cherry-picks for release/3.1.x (#4794)
M	CMakeLists.txt
M	lib/Conversion/TritonGPUToLLVM/CMakeLists.txt
M	python/setup.py
From https://github.com/triton-lang/triton
 * tag                   v3.1.0     -> FETCH_HEAD
Already up to date.
>>> Updating /home/nexus/amd-ai/src/extras/torchvision...
From https://github.com/pytorch/vision
 * tag                     v0.20.1    -> FETCH_HEAD
HEAD is now at 3ac97aa912 Update version.txt to 0.20.1 (#8694)
From https://github.com/pytorch/vision
 * tag                     v0.20.1    -> FETCH_HEAD
Already up to date.
>>> Updating /home/nexus/amd-ai/src/extras/torchaudio...
From https://github.com/pytorch/audio
 * tag                 v2.5.1     -> FETCH_HEAD
HEAD is now at 1661daf1 Release 2.5.1 update version (#3847)
From https://github.com/pytorch/audio
 * tag                 v2.5.1     -> FETCH_HEAD
Already up to date.
>>> Updating /home/nexus/amd-ai/src/extras/numpy...
From https://github.com/numpy/numpy
 * tag                     v2.2.1     -> FETCH_HEAD
HEAD is now at 7469245786 Merge pull request #28047 from charris/prepare-2.2.1
M	vendored-meson/meson
From https://github.com/numpy/numpy
 * tag                     v2.2.1     -> FETCH_HEAD
Already up to date.
>>> Updating /home/nexus/amd-ai/src/extras/flash-attention...
From https://github.com/ROCm/flash-attention
 * tag                 v2.7.4-cktile -> FETCH_HEAD
HEAD is now at e9e96d3d Sync the compile flag with CK (#1670)
From https://github.com/ROCm/flash-attention
 * tag                 v2.7.4-cktile -> FETCH_HEAD
Already up to date.
>>> Updating /home/nexus/amd-ai/src/extras/xformers...
From https://github.com/facebookresearch/xformers
 * tag                 v0.0.29    -> FETCH_HEAD
HEAD is now at 56be3b5e Changelog for 0.0.29 (fairinternal/xformers#1275)
M	third_party/composable_kernel_tiled
From https://github.com/facebookresearch/xformers
 * tag                 v0.0.29    -> FETCH_HEAD
Already up to date.
>>> Updating /home/nexus/amd-ai/src/extras/bitsandbytes...
From https://github.com/ROCm/bitsandbytes
 * branch            rocm_enabled -> FETCH_HEAD
Already on 'rocm_enabled'
Your branch is up to date with 'origin/rocm_enabled'.
From https://github.com/ROCm/bitsandbytes
 * branch            rocm_enabled -> FETCH_HEAD
Already up to date.
>>> Updating /home/nexus/amd-ai/src/extras/deepspeed...
From https://github.com/microsoft/DeepSpeed
 * tag                 v0.16.2    -> FETCH_HEAD
HEAD is now at b344c04d Update code owners (#6890)
From https://github.com/microsoft/DeepSpeed
 * tag                 v0.16.2    -> FETCH_HEAD
Already up to date.
>>> Updating /home/nexus/amd-ai/src/extras/onnxruntime...
From https://github.com/microsoft/onnxruntime
 * tag                     v1.20.1    -> FETCH_HEAD
fatal: Unable to create '/home/nexus/amd-ai/src/extras/onnxruntime/.git/objects/info/commit-graphs/commit-graph-chain.lock': File exists.

Another git process seems to be running in this repository, e.g.
an editor opened by 'git commit'. Please make sure all processes
are terminated then try again. If it still fails, a git process
may have crashed in this repository earlier:
remove the file manually to continue.
