=== FAIL: 20251229_190130 ===
Log: build_logs/build_20251229_190130.log
Code: 128

--- DETECTED ERROR PATTERNS ---

--- TAIL 50 ---
#8 [3/6] RUN update-alternatives --install /usr/bin/gcc gcc /usr/bin/gcc-14 100 --slave /usr/bin/g++ g++ /usr/bin/g++-14 &&     update-alternatives --install /usr/bin/python3 python3 /usr/bin/python3.11 1 &&     update-alternatives --install /usr/bin/python python /usr/bin/python3.11 1
#8 CACHED

#9 [6/6] WORKDIR /app
#9 CACHED

#10 exporting to image
#10 exporting layers done
#10 writing image sha256:f498e10c580be4932cf8700b38b3e694252780f8846855c09b3d19bbeb7b0213 done
#10 naming to docker.io/library/amd-ai-builder:local done
#10 DONE 0.0s
=== AMD AI Builder: Starting Containerized Build Pipeline ===
Running prefetch stage...
=== AMD AI Builder: Starting Comprehensive Prefetch Stage ===
>>> Syncing Git repositories...
Optimizing git clone/submodule throughput (jobs=15)...
>>> Updating /home/nexus/amd-ai/src/extras/triton-rocm...
From https://github.com/triton-lang/triton
 * tag                   v3.1.0     -> FETCH_HEAD
HEAD is now at cf34004b8 AMD requested cherry-picks for release/3.1.x (#4794)
M	CMakeLists.txt
M	lib/Conversion/TritonGPUToLLVM/CMakeLists.txt
M	python/setup.py
From https://github.com/triton-lang/triton
 * tag                   v3.1.0     -> FETCH_HEAD
Already up to date.
>>> Updating /home/nexus/amd-ai/src/extras/torchvision...
From https://github.com/pytorch/vision
 * tag                     v0.20.1    -> FETCH_HEAD
HEAD is now at 3ac97aa912 Update version.txt to 0.20.1 (#8694)
From https://github.com/pytorch/vision
 * tag                     v0.20.1    -> FETCH_HEAD
Already up to date.
>>> Updating /home/nexus/amd-ai/src/extras/torchaudio...
From https://github.com/pytorch/audio
 * tag                 v2.5.1     -> FETCH_HEAD
HEAD is now at 1661daf1 Release 2.5.1 update version (#3847)
From https://github.com/pytorch/audio
 * tag                 v2.5.1     -> FETCH_HEAD
Already up to date.
>>> Updating /home/nexus/amd-ai/src/extras/numpy...
From https://github.com/numpy/numpy
 * tag                     v2.2.1     -> FETCH_HEAD
fatal: Unable to create '/home/nexus/amd-ai/src/extras/numpy/.git/objects/info/commit-graphs/commit-graph-chain.lock': File exists.

Another git process seems to be running in this repository, e.g.
an editor opened by 'git commit'. Please make sure all processes
are terminated then try again. If it still fails, a git process
may have crashed in this repository earlier:
remove the file manually to continue.
